Arguments: 
  /usr/local/bin/node /usr/local/Cellar/yarn/1.22.5/libexec/bin/yarn.js

PATH: 
  /usr/local/bin:/usr/bin:/bin:/usr/sbin:/sbin:/Library/Apple/usr/bin

Yarn version: 
  1.22.5

Node version: 
  12.16.1

Platform: 
  darwin x64

Trace: 
  SyntaxError: /Users/zero/npmPackages/wkPreview/package.json: Unexpected token } in JSON at position 1010
      at JSON.parse (<anonymous>)
      at /usr/local/Cellar/yarn/1.22.5/libexec/lib/cli.js:1625:59
      at Generator.next (<anonymous>)
      at step (/usr/local/Cellar/yarn/1.22.5/libexec/lib/cli.js:310:30)
      at /usr/local/Cellar/yarn/1.22.5/libexec/lib/cli.js:321:13

npm manifest: 
  {
    "name": "wk-preview",
    "version": "1.0.0",
    "description": "",
    "main": "lib/wk_preview.min.js",
    "scripts": {
      "dev": "rollup -c -w",
      "build": "rollup -c",
      "test": "mocha test/*.test.js",
      "clearDist": "rimraf \"./dist\"",
      "clearLib": "rimraf \"./lib\"",
      "clean": "npm run clearLib && npm run clearDist",
      "build:pro": "npm run clearLib && cross-env APP_ENV=production npm run build"
    },
    "keywords": ["preview", "wookyao", "vue preview", "react preview"],
    "author": "YaoXu <wook.yao@foxmail.com>",
    "license": "MIT",
    "devDependencies": {
      "@babel/core": "^7.11.6",
      "@babel/preset-env": "^7.11.5",
      "chai": "^4.2.0",
      "cross-env": "^7.0.2",
      "mocha": "^8.1.3",
      "rimraf": "^3.0.2",
      "rollup": "^2.28.2",
      "rollup-plugin-babel": "^4.4.0",
      "rollup-plugin-commonjs": "^10.1.0",
      "rollup-plugin-livereload": "^2.0.0",
      "rollup-plugin-node-resolve": "^5.2.0",
      "rollup-plugin-serve": "^1.0.4",
      "rollup-plugin-uglify": "^6.0.4"
    },
  }

yarn manifest: 
  No manifest

Lockfile: 
  No lockfile
